INFO:sim:172 - Generating IP...
Resolving generics for 'TANK_RIGHT'...
Applying external generics to 'TANK_RIGHT'...
Delivering associated files for 'TANK_RIGHT'...
Delivering EJava files for 'TANK_RIGHT'...
Generating implementation netlist for 'TANK_RIGHT'...
INFO:sim - Pre-processing HDL files for 'TANK_RIGHT'...
Running synthesis for 'TANK_RIGHT'
Running ngcbuild...
Writing VEO instantiation template for 'TANK_RIGHT'...
Writing Verilog behavioral simulation model for 'TANK_RIGHT'...
WARNING:sim - Overwriting existing file
   D:/code/Xilinx-ISE/code/Project/TankWar/IPCore/TANK_RIGHT/tmp/_cg/TANK_RIGHT/
   doc/blk_mem_gen_v7_3_vinfo.html with file from view xilinx_documentation
Delivered 1 file into directory
D:/code/Xilinx-ISE/code/Project/TankWar/IPCore/TANK_RIGHT/tmp/_cg/TANK_RIGHT
Generating ASY schematic symbol...
INFO:sim:949 - Finished generation of ASY schematic symbol.
Generating SYM schematic symbol for 'TANK_RIGHT'...
Generating metadata file...
Generating ISE project file for 'TANK_RIGHT'...
Generating ISE project...
XCO file found: TANK_RIGHT.xco
XMDF file found: TANK_RIGHT_xmdf.tcl
Adding
D:/code/Xilinx-ISE/code/Project/TankWar/IPCore/TANK_RIGHT/tmp/_cg/TANK_RIGHT.asy
-view all -origin_type imported
Adding
D:/code/Xilinx-ISE/code/Project/TankWar/IPCore/TANK_RIGHT/tmp/_cg/TANK_RIGHT.ngc
-view all -origin_type created
Checking file
"D:/code/Xilinx-ISE/code/Project/TankWar/IPCore/TANK_RIGHT/tmp/_cg/TANK_RIGHT.ng
c" for project device match ...
File
"D:/code/Xilinx-ISE/code/Project/TankWar/IPCore/TANK_RIGHT/tmp/_cg/TANK_RIGHT.ng
c" device information matches project device.
Adding
D:/code/Xilinx-ISE/code/Project/TankWar/IPCore/TANK_RIGHT/tmp/_cg/TANK_RIGHT.sym
-view all -origin_type imported
Adding
D:/code/Xilinx-ISE/code/Project/TankWar/IPCore/TANK_RIGHT/tmp/_cg/TANK_RIGHT.v
-view all -origin_type created
INFO:HDLCompiler:1845 - Analyzing Verilog file
   "D:/code/Xilinx-ISE/code/Project/TankWar/IPCore/TANK_RIGHT/tmp/_cg/TANK_RIGHT
   .v" into library work
INFO:ProjectMgmt - Parsing design hierarchy completed successfully.
Adding
D:/code/Xilinx-ISE/code/Project/TankWar/IPCore/TANK_RIGHT/tmp/_cg/TANK_RIGHT.veo
-view all -origin_type imported
INFO:TclTasksC:2116 - The automatic calculation of top has been turned-off.
   Please set the new top explicitly by running the "project set top" command.
   To re-calculate the new top automatically, set the "Auto Implementation Top"
   property to true.
Top level has been set to "/TANK_RIGHT"
Generating README file...
Generating FLIST file...
INFO:sim:948 - Finished FLIST file generation.
Launching README viewer...
Moving files to output directory...
Finished moving files to output directory
Wrote CGP file for project 'TANK_RIGHT'.
