INFO:sim:172 - Generating IP...
Resolving generics for 'TANK_DOWN'...
Applying external generics to 'TANK_DOWN'...
Delivering associated files for 'TANK_DOWN'...
Delivering EJava files for 'TANK_DOWN'...
Generating implementation netlist for 'TANK_DOWN'...
INFO:sim - Pre-processing HDL files for 'TANK_DOWN'...
Running synthesis for 'TANK_DOWN'
Running ngcbuild...
Writing VEO instantiation template for 'TANK_DOWN'...
Writing Verilog behavioral simulation model for 'TANK_DOWN'...
WARNING:sim - Overwriting existing file
   D:/code/Xilinx-ISE/code/Project/TankWar/IPCore/TANK_DOWN/tmp/_cg/TANK_DOWN/do
   c/blk_mem_gen_v7_3_vinfo.html with file from view xilinx_documentation
Delivered 1 file into directory
D:/code/Xilinx-ISE/code/Project/TankWar/IPCore/TANK_DOWN/tmp/_cg/TANK_DOWN
Generating ASY schematic symbol...
INFO:sim:949 - Finished generation of ASY schematic symbol.
Generating SYM schematic symbol for 'TANK_DOWN'...
Generating metadata file...
Generating ISE project file for 'TANK_DOWN'...
Generating ISE project...
XCO file found: TANK_DOWN.xco
XMDF file found: TANK_DOWN_xmdf.tcl
Adding
D:/code/Xilinx-ISE/code/Project/TankWar/IPCore/TANK_DOWN/tmp/_cg/TANK_DOWN.asy
-view all -origin_type imported
Adding
D:/code/Xilinx-ISE/code/Project/TankWar/IPCore/TANK_DOWN/tmp/_cg/TANK_DOWN.ngc
-view all -origin_type created
Checking file
"D:/code/Xilinx-ISE/code/Project/TankWar/IPCore/TANK_DOWN/tmp/_cg/TANK_DOWN.ngc"
for project device match ...
File
"D:/code/Xilinx-ISE/code/Project/TankWar/IPCore/TANK_DOWN/tmp/_cg/TANK_DOWN.ngc"
device information matches project device.
Adding
D:/code/Xilinx-ISE/code/Project/TankWar/IPCore/TANK_DOWN/tmp/_cg/TANK_DOWN.sym
-view all -origin_type imported
Adding
D:/code/Xilinx-ISE/code/Project/TankWar/IPCore/TANK_DOWN/tmp/_cg/TANK_DOWN.v
-view all -origin_type created
INFO:HDLCompiler:1845 - Analyzing Verilog file
   "D:/code/Xilinx-ISE/code/Project/TankWar/IPCore/TANK_DOWN/tmp/_cg/TANK_DOWN.v
   " into library work
INFO:ProjectMgmt - Parsing design hierarchy completed successfully.
Adding
D:/code/Xilinx-ISE/code/Project/TankWar/IPCore/TANK_DOWN/tmp/_cg/TANK_DOWN.veo
-view all -origin_type imported
INFO:TclTasksC:2116 - The automatic calculation of top has been turned-off.
   Please set the new top explicitly by running the "project set top" command.
   To re-calculate the new top automatically, set the "Auto Implementation Top"
   property to true.
Top level has been set to "/TANK_DOWN"
Generating README file...
Generating FLIST file...
INFO:sim:948 - Finished FLIST file generation.
Launching README viewer...
Moving files to output directory...
Finished moving files to output directory
Wrote CGP file for project 'TANK_DOWN'.
